timestamp: 2014-04-01T23:06:17.930021
CREATE TABLE auth_user(
    id INTEGER PRIMARY KEY AUTOINCREMENT,
    first_name CHAR(128),
    last_name CHAR(128),
    email CHAR(512),
    password CHAR(512),
    registration_key CHAR(512),
    reset_password_key CHAR(512),
    registration_id CHAR(512)
);
success!
timestamp: 2014-04-01T23:06:18.059798
CREATE TABLE auth_group(
    id INTEGER PRIMARY KEY AUTOINCREMENT,
    role CHAR(512),
    description TEXT
);
success!
timestamp: 2014-04-01T23:06:18.172307
CREATE TABLE auth_membership(
    id INTEGER PRIMARY KEY AUTOINCREMENT,
    user_id INTEGER REFERENCES auth_user (id) ON DELETE CASCADE,
    group_id INTEGER REFERENCES auth_group (id) ON DELETE CASCADE
);
success!
timestamp: 2014-04-01T23:06:18.284557
CREATE TABLE auth_permission(
    id INTEGER PRIMARY KEY AUTOINCREMENT,
    group_id INTEGER REFERENCES auth_group (id) ON DELETE CASCADE,
    name CHAR(512),
    table_name CHAR(512),
    record_id INTEGER
);
success!
timestamp: 2014-04-01T23:06:18.396977
CREATE TABLE auth_event(
    id INTEGER PRIMARY KEY AUTOINCREMENT,
    time_stamp TIMESTAMP,
    client_ip CHAR(512),
    user_id INTEGER REFERENCES auth_user (id) ON DELETE CASCADE,
    origin CHAR(512),
    description TEXT
);
success!
timestamp: 2014-04-01T23:06:18.520224
CREATE TABLE auth_cas(
    id INTEGER PRIMARY KEY AUTOINCREMENT,
    user_id INTEGER REFERENCES auth_user (id) ON DELETE CASCADE,
    created_on TIMESTAMP,
    service CHAR(512),
    ticket CHAR(512),
    renew CHAR(1)
);
success!
timestamp: 2014-04-01T23:07:07.902562
CREATE TABLE SentTrainDetails(
    id INTEGER PRIMARY KEY AUTOINCREMENT,
    Tweet TEXT,
    Label CHAR(512),
    Token TEXT
);
success!
timestamp: 2014-04-01T23:07:08.030485
CREATE TABLE SentTestDetails(
    id INTEGER PRIMARY KEY AUTOINCREMENT,
    TestName CHAR(512),
    Tweet TEXT,
    PredictedLabel CHAR(512),
    ActualLabel CHAR(512),
    Token TEXT,
    UserEmail CHAR(512),
    Status CHAR(512)
);
success!
timestamp: 2014-04-01T23:07:08.153898
CREATE TABLE PhraseTrainDetails(
    id INTEGER PRIMARY KEY AUTOINCREMENT,
    Tweet TEXT,
    Phrase TEXT,
    Label CHAR(512),
    Token TEXT
);
success!
timestamp: 2014-04-01T23:07:08.277299
CREATE TABLE PhraseTestDetails(
    id INTEGER PRIMARY KEY AUTOINCREMENT,
    TestName CHAR(512),
    Tweet TEXT,
    Phrase TEXT,
    PredictedLabel CHAR(512),
    ActualLabel CHAR(512),
    Token TEXT,
    UserEmail CHAR(512),
    Status CHAR(512)
);
success!
timestamp: 2014-04-03T11:01:47.768097
ALTER TABLE SentTrainDetails ADD useremail CHAR(512);
timestamp: 2014-04-03T11:01:47.922256
ALTER TABLE SentTestDetails ADD actualstatus CHAR(512);
timestamp: 2014-04-03T11:01:48.045317
ALTER TABLE SentTestDetails ADD predictedstatus CHAR(512);
timestamp: 2014-04-03T11:01:48.178282
ALTER TABLE SentTestDetails ADD trainstatus CHAR(512);
timestamp: 2014-04-03T11:01:48.303329
ALTER TABLE PhraseTrainDetails ADD useremail CHAR(512);
timestamp: 2014-04-03T11:01:48.430451
ALTER TABLE PhraseTestDetails ADD actualstatus CHAR(512);
timestamp: 2014-04-03T11:01:48.574835
ALTER TABLE PhraseTestDetails ADD predictedstatus CHAR(512);
timestamp: 2014-04-03T11:01:48.718453
ALTER TABLE PhraseTestDetails ADD trainstatus CHAR(512);
timestamp: 2014-04-03T11:01:48.898103
CREATE TABLE Upload(
    id INTEGER PRIMARY KEY AUTOINCREMENT,
    file CHAR(512)
);
success!
timestamp: 2014-04-03T11:24:17.003461
ALTER TABLE Upload ADD useremail CHAR(512);
timestamp: 2014-04-03T13:21:21.709740
ALTER TABLE Upload ADD datatype CHAR(512);
timestamp: 2014-04-03T13:21:21.878200
ALTER TABLE Upload ADD processedstatus CHAR(512);
timestamp: 2014-04-03T13:21:22.013144
ALTER TABLE Upload ADD testtype CHAR(512);
